17:10:26.313 INFO [GridLauncherV3.parse] - Selenium server version: 3.141.59, revision: e82be7d358
17:10:26.384 INFO [GridLauncherV3.lambda$buildLaunchers$3] - Launching a standalone Selenium Server on port 4444
2019-08-07 17:10:26.424:INFO::main: Logging initialized @314ms to org.seleniumhq.jetty9.util.log.StdErrLog
17:10:26.604 INFO [WebDriverServlet.<init>] - Initialising WebDriverServlet
17:10:26.759 INFO [SeleniumServer.boot] - Selenium Server is up and running on port 4444
17:10:27.324 INFO [ActiveSessionFactory.apply] - Capabilities are: {
  "acceptSslCerts": true,
  "browserName": "chrome",
  "chromeOptions": {
    "w3c": false,
    "args": [
    ]
  },
  "name": "Login Command Object"
}
17:10:27.326 INFO [ActiveSessionFactory.lambda$apply$11] - Matched factory org.openqa.selenium.grid.session.remote.ServicedSession$Factory (provider: org.openqa.selenium.chrome.ChromeDriverService)
Starting ChromeDriver 76.0.3809.68 (420c9498db8ce8fcd190a954d51297672c1515d5-refs/branch-heads/3809@{#864}) on port 14524
Only local connections are allowed.
Please protect ports used by ChromeDriver and related test frameworks to prevent access by malicious code.
17:10:32.001 INFO [ProtocolHandshake.createSession] - Detected dialect: OSS
17:10:32.242 INFO [RemoteSession$Factory.lambda$performHandshake$0] - Started new session 7bd4ceddd5fdd5f52c0028cd401a98a0 (org.openqa.selenium.chrome.ChromeDriverService)
17:10:32.462 INFO [ActiveSessions$1.onStop] - Removing session 7bd4ceddd5fdd5f52c0028cd401a98a0 (org.openqa.selenium.chrome.ChromeDriverService)
17:10:32.486 INFO [ActiveSessionFactory.apply] - Capabilities are: {
  "acceptSslCerts": true,
  "browserName": "chrome",
  "chromeOptions": {
    "w3c": false,
    "args": [
    ]
  },
  "name": "Register Command Object"
}
17:10:32.486 INFO [ActiveSessionFactory.lambda$apply$11] - Matched factory org.openqa.selenium.grid.session.remote.ServicedSession$Factory (provider: org.openqa.selenium.chrome.ChromeDriverService)
Starting ChromeDriver 76.0.3809.68 (420c9498db8ce8fcd190a954d51297672c1515d5-refs/branch-heads/3809@{#864}) on port 32305
Only local connections are allowed.
Please protect ports used by ChromeDriver and related test frameworks to prevent access by malicious code.
17:10:36.845 INFO [ProtocolHandshake.createSession] - Detected dialect: OSS
17:10:36.870 INFO [RemoteSession$Factory.lambda$performHandshake$0] - Started new session de15c16d12d847b84e262b1c52486d74 (org.openqa.selenium.chrome.ChromeDriverService)
17:11:05.759 INFO [ActiveSessions$1.onStop] - Removing session de15c16d12d847b84e262b1c52486d74 (org.openqa.selenium.chrome.ChromeDriverService)
